<?xml version="1.0" encoding="UTF-8"?>
<!-- Generated by org.testng.reporters.JUnitReportReporter -->
<testsuite hostname="HP" failures="0" tests="2" name="runners.RegistrationRunner" time="20.322" errors="0" timestamp="2025-03-21T14:04:57 IST" skipped="0">
  <testcase classname="runners.RegistrationRunner" name="runScenario" time="8.903"/>
  <testcase classname="runners.RegistrationRunner" name="runScenario" time="11.419"/>
</testsuite> <!-- runners.RegistrationRunner -->
