<?xml version="1.0" encoding="UTF-8"?>
<!-- Generated by org.testng.reporters.JUnitReportReporter -->
<testsuite hostname="HP" failures="0" tests="1" name="runners.CheckoutRunner" time="11.701" errors="0" timestamp="2025-03-21T14:04:57 IST" skipped="0">
  <testcase classname="runners.CheckoutRunner" name="runScenario" time="11.701"/>
</testsuite> <!-- runners.CheckoutRunner -->
