<?xml version="1.0" encoding="UTF-8"?>
<!-- Generated by org.testng.reporters.JUnitReportReporter -->
<testsuite hostname="HP" failures="0" tests="2" name="runners.LoginRunner" time="17.452" errors="0" timestamp="2025-03-21T14:04:57 IST" skipped="0">
  <testcase classname="runners.LoginRunner" name="runScenario" time="9.860"/>
  <testcase classname="runners.LoginRunner" name="runScenario" time="7.592"/>
</testsuite> <!-- runners.LoginRunner -->
