<?xml version="1.0" encoding="UTF-8"?>
<!-- Generated by org.testng.reporters.JUnitReportReporter -->
<testsuite hostname="HP" failures="0" tests="2" name="runners.RegistrationRunner" time="19.495" errors="0" timestamp="2025-03-21T15:30:21 IST" skipped="0">
  <testcase classname="runners.RegistrationRunner" name="runScenario" time="11.738"/>
  <testcase classname="runners.RegistrationRunner" name="runScenario" time="7.757"/>
</testsuite> <!-- runners.RegistrationRunner -->
