<?xml version="1.0" encoding="UTF-8"?>
<!-- Generated by org.testng.reporters.JUnitReportReporter -->
<testsuite hostname="HP" failures="0" tests="1" name="runners.SearchRunner" time="6.910" errors="0" timestamp="2025-03-21T14:04:57 IST" skipped="0">
  <testcase classname="runners.SearchRunner" name="runScenario" time="6.910"/>
</testsuite> <!-- runners.SearchRunner -->
