<?xml version="1.0" encoding="UTF-8"?>
<!-- Generated by org.testng.reporters.JUnitReportReporter -->
<testsuite hostname="HP" failures="0" tests="1" name="runners.ProductDetailsRunner" time="6.973" errors="0" timestamp="2025-03-21T14:04:57 IST" skipped="0">
  <testcase classname="runners.ProductDetailsRunner" name="runScenario" time="6.973"/>
</testsuite> <!-- runners.ProductDetailsRunner -->
