<?xml version="1.0" encoding="UTF-8"?>
<!-- Generated by org.testng.reporters.JUnitReportReporter -->
<testsuite hostname="HP" failures="0" tests="1" name="runners.TestRunner" time="8.058" errors="0" timestamp="2025-03-19T09:36:03 IST" skipped="0">
  <testcase classname="runners.TestRunner" name="runScenario" time="8.058"/>
</testsuite> <!-- runners.TestRunner -->
