<?xml version="1.0" encoding="UTF-8"?>
<!-- Generated by org.testng.reporters.JUnitReportReporter -->
<testsuite hostname="HP" failures="0" tests="2" name="runners.LoginRunner" time="14.617" errors="0" timestamp="2025-03-21T15:30:21 IST" skipped="0">
  <testcase classname="runners.LoginRunner" name="runScenario" time="6.774"/>
  <testcase classname="runners.LoginRunner" name="runScenario" time="7.843"/>
</testsuite> <!-- runners.LoginRunner -->
